
2015/2/7 17:44:05
thread begin

2015/2/7 17:44:05
test

2015/2/7 17:44:05
Provider=MSDAORA.1;Data Source=atmsfg;Persist Security Info=True;User ID=tgs_admin;Password=ehl1234;

2015/2/7 17:44:05
The 'MSDAORA.1' provider is not registered on the local machine.

2015/2/7 17:44:05
d:\ehl_exp\

2015/2/7 17:56:27
thread begin

2015/2/7 17:56:27
test

2015/2/7 17:56:27
Provider=MSDAORA.1;Data Source=atmsfg;Persist Security Info=True;User ID=tgs_admin;Password=ehl1234;

2015/2/7 17:56:28
The 'MSDAORA.1' provider is not registered on the local machine.

2015/2/7 17:56:28
d:\ehl_exp\

2015/2/7 17:56:31
test

2015/2/7 17:56:31
Provider=MSDAORA.1;Data Source=atmsfg;Persist Security Info=True;User ID=tgs_admin;Password=ehl1234;

2015/2/7 17:56:31
The 'MSDAORA.1' provider is not registered on the local machine.

2015/2/7 17:56:31
d:\ehl_exp\

2015/2/7 17:56:34
test

2015/2/7 17:56:34
Provider=MSDAORA.1;Data Source=atmsfg;Persist Security Info=True;User ID=tgs_admin;Password=ehl1234;

2015/2/7 17:56:34
The 'MSDAORA.1' provider is not registered on the local machine.

2015/2/7 17:56:34
d:\ehl_exp\

2015/2/7 17:56:37
test

2015/2/7 17:56:37
Provider=MSDAORA.1;Data Source=atmsfg;Persist Security Info=True;User ID=tgs_admin;Password=ehl1234;

2015/2/7 17:56:37
The 'MSDAORA.1' provider is not registered on the local machine.

2015/2/7 17:56:37
d:\ehl_exp\

2015/2/7 17:56:40
test

2015/2/7 17:56:40
Provider=MSDAORA.1;Data Source=atmsfg;Persist Security Info=True;User ID=tgs_admin;Password=ehl1234;

2015/2/7 17:56:40
The 'MSDAORA.1' provider is not registered on the local machine.

2015/2/7 17:56:40
d:\ehl_exp\

2015/2/7 17:56:43
test

2015/2/7 17:56:43
Provider=MSDAORA.1;Data Source=atmsfg;Persist Security Info=True;User ID=tgs_admin;Password=ehl1234;

2015/2/7 17:56:43
The 'MSDAORA.1' provider is not registered on the local machine.

2015/2/7 17:56:43
d:\ehl_exp\

2015/2/7 17:56:46
test

2015/2/7 17:56:46
Provider=MSDAORA.1;Data Source=atmsfg;Persist Security Info=True;User ID=tgs_admin;Password=ehl1234;

2015/2/7 17:56:46
The 'MSDAORA.1' provider is not registered on the local machine.

2015/2/7 17:56:46
d:\ehl_exp\

2015/2/7 17:56:49
test

2015/2/7 17:56:49
Provider=MSDAORA.1;Data Source=atmsfg;Persist Security Info=True;User ID=tgs_admin;Password=ehl1234;

2015/2/7 17:56:49
The 'MSDAORA.1' provider is not registered on the local machine.

2015/2/7 17:56:49
d:\ehl_exp\

2015/2/7 17:56:52
test

2015/2/7 17:56:52
Provider=MSDAORA.1;Data Source=atmsfg;Persist Security Info=True;User ID=tgs_admin;Password=ehl1234;

2015/2/7 17:56:52
The 'MSDAORA.1' provider is not registered on the local machine.

2015/2/7 17:56:52
d:\ehl_exp\

2015/2/7 17:59:58
thread begin

2015/2/7 17:59:58
test

2015/2/7 17:59:58
Provider=MSDAORA.1;Data Source=atmsfg;Persist Security Info=True;User ID=tgs_admin;Password=ehl1234;

2015/2/7 17:59:59
The 'MSDAORA.1' provider is not registered on the local machine.

2015/2/7 17:59:59
d:\ehl_exp\

2015/2/7 18:00:02
test

2015/2/7 18:00:02
Provider=MSDAORA.1;Data Source=atmsfg;Persist Security Info=True;User ID=tgs_admin;Password=ehl1234;

2015/2/7 18:00:02
The 'MSDAORA.1' provider is not registered on the local machine.

2015/2/7 18:00:02
d:\ehl_exp\

2015/2/7 18:00:05
test

2015/2/7 18:00:05
Provider=MSDAORA.1;Data Source=atmsfg;Persist Security Info=True;User ID=tgs_admin;Password=ehl1234;

2015/2/7 18:00:05
The 'MSDAORA.1' provider is not registered on the local machine.

2015/2/7 18:00:05
d:\ehl_exp\

2015/2/7 18:00:08
test

2015/2/7 18:00:08
Provider=MSDAORA.1;Data Source=atmsfg;Persist Security Info=True;User ID=tgs_admin;Password=ehl1234;

2015/2/7 18:00:08
The 'MSDAORA.1' provider is not registered on the local machine.

2015/2/7 18:00:08
d:\ehl_exp\

2015/2/7 18:00:11
test

2015/2/7 18:00:11
Provider=MSDAORA.1;Data Source=atmsfg;Persist Security Info=True;User ID=tgs_admin;Password=ehl1234;

2015/2/7 18:00:11
The 'MSDAORA.1' provider is not registered on the local machine.

2015/2/7 18:00:11
d:\ehl_exp\

2015/2/7 18:00:14
test

2015/2/7 18:00:14
Provider=MSDAORA.1;Data Source=atmsfg;Persist Security Info=True;User ID=tgs_admin;Password=ehl1234;

2015/2/7 18:00:14
The 'MSDAORA.1' provider is not registered on the local machine.

2015/2/7 18:00:14
d:\ehl_exp\

2015/2/7 18:00:17
test

2015/2/7 18:00:17
Provider=MSDAORA.1;Data Source=atmsfg;Persist Security Info=True;User ID=tgs_admin;Password=ehl1234;

2015/2/7 18:00:17
The 'MSDAORA.1' provider is not registered on the local machine.

2015/2/7 18:00:17
d:\ehl_exp\

2015/2/7 18:00:20
test

2015/2/7 18:00:20
Provider=MSDAORA.1;Data Source=atmsfg;Persist Security Info=True;User ID=tgs_admin;Password=ehl1234;

2015/2/7 18:00:20
The 'MSDAORA.1' provider is not registered on the local machine.

2015/2/7 18:00:20
d:\ehl_exp\

2015/2/7 18:00:23
test

2015/2/7 18:00:23
Provider=MSDAORA.1;Data Source=atmsfg;Persist Security Info=True;User ID=tgs_admin;Password=ehl1234;

2015/2/7 18:00:23
The 'MSDAORA.1' provider is not registered on the local machine.

2015/2/7 18:00:23
d:\ehl_exp\

2015/2/7 18:00:26
test

2015/2/7 18:00:27
Provider=MSDAORA.1;Data Source=atmsfg;Persist Security Info=True;User ID=tgs_admin;Password=ehl1234;

2015/2/7 18:00:27
The 'MSDAORA.1' provider is not registered on the local machine.

2015/2/7 18:00:27
d:\ehl_exp\

2015/2/7 18:00:30
test

2015/2/7 18:00:30
Provider=MSDAORA.1;Data Source=atmsfg;Persist Security Info=True;User ID=tgs_admin;Password=ehl1234;

2015/2/7 18:00:30
The 'MSDAORA.1' provider is not registered on the local machine.

2015/2/7 18:00:30
d:\ehl_exp\

2015/2/7 18:00:33
test

2015/2/7 18:00:33
Provider=MSDAORA.1;Data Source=atmsfg;Persist Security Info=True;User ID=tgs_admin;Password=ehl1234;

2015/2/7 18:00:33
The 'MSDAORA.1' provider is not registered on the local machine.

2015/2/7 18:00:33
d:\ehl_exp\

2015/2/7 18:00:36
test

2015/2/7 18:00:36
Provider=MSDAORA.1;Data Source=atmsfg;Persist Security Info=True;User ID=tgs_admin;Password=ehl1234;

2015/2/7 18:00:36
The 'MSDAORA.1' provider is not registered on the local machine.

2015/2/7 18:00:36
d:\ehl_exp\

2015/2/7 18:00:39
test

2015/2/7 18:00:39
Provider=MSDAORA.1;Data Source=atmsfg;Persist Security Info=True;User ID=tgs_admin;Password=ehl1234;

2015/2/7 18:00:39
The 'MSDAORA.1' provider is not registered on the local machine.

2015/2/7 18:00:39
d:\ehl_exp\

2015/2/7 18:00:42
test

2015/2/7 18:00:42
Provider=MSDAORA.1;Data Source=atmsfg;Persist Security Info=True;User ID=tgs_admin;Password=ehl1234;

2015/2/7 18:00:42
The 'MSDAORA.1' provider is not registered on the local machine.

2015/2/7 18:00:42
d:\ehl_exp\

2015/2/7 18:00:45
test

2015/2/7 18:00:45
Provider=MSDAORA.1;Data Source=atmsfg;Persist Security Info=True;User ID=tgs_admin;Password=ehl1234;

2015/2/7 18:00:45
The 'MSDAORA.1' provider is not registered on the local machine.

2015/2/7 18:00:45
d:\ehl_exp\

2015/2/7 18:00:48
test

2015/2/7 18:00:48
Provider=MSDAORA.1;Data Source=atmsfg;Persist Security Info=True;User ID=tgs_admin;Password=ehl1234;

2015/2/7 18:00:48
The 'MSDAORA.1' provider is not registered on the local machine.

2015/2/7 18:00:48
d:\ehl_exp\

2015/2/7 18:00:51
test

2015/2/7 18:00:51
Provider=MSDAORA.1;Data Source=atmsfg;Persist Security Info=True;User ID=tgs_admin;Password=ehl1234;

2015/2/7 18:00:51
The 'MSDAORA.1' provider is not registered on the local machine.

2015/2/7 18:00:51
d:\ehl_exp\

2015/2/7 18:00:54
test

2015/2/7 18:00:54
Provider=MSDAORA.1;Data Source=atmsfg;Persist Security Info=True;User ID=tgs_admin;Password=ehl1234;

2015/2/7 18:00:55
The 'MSDAORA.1' provider is not registered on the local machine.

2015/2/7 18:00:55
d:\ehl_exp\

2015/2/7 18:00:58
test

2015/2/7 18:00:58
Provider=MSDAORA.1;Data Source=atmsfg;Persist Security Info=True;User ID=tgs_admin;Password=ehl1234;

2015/2/7 18:00:58
The 'MSDAORA.1' provider is not registered on the local machine.

2015/2/7 18:00:58
d:\ehl_exp\

2015/2/7 18:01:01
test

2015/2/7 18:01:01
Provider=MSDAORA.1;Data Source=atmsfg;Persist Security Info=True;User ID=tgs_admin;Password=ehl1234;

2015/2/7 18:01:01
The 'MSDAORA.1' provider is not registered on the local machine.

2015/2/7 18:01:01
d:\ehl_exp\

2015/2/7 18:01:04
test

2015/2/7 18:01:04
Provider=MSDAORA.1;Data Source=atmsfg;Persist Security Info=True;User ID=tgs_admin;Password=ehl1234;

2015/2/7 18:01:04
The 'MSDAORA.1' provider is not registered on the local machine.

2015/2/7 18:01:04
d:\ehl_exp\

2015/2/7 18:01:07
test

2015/2/7 18:01:07
Provider=MSDAORA.1;Data Source=atmsfg;Persist Security Info=True;User ID=tgs_admin;Password=ehl1234;

2015/2/7 18:01:07
The 'MSDAORA.1' provider is not registered on the local machine.

2015/2/7 18:01:07
d:\ehl_exp\

2015/2/7 18:01:10
test

2015/2/7 18:01:10
Provider=MSDAORA.1;Data Source=atmsfg;Persist Security Info=True;User ID=tgs_admin;Password=ehl1234;

2015/2/7 18:01:10
The 'MSDAORA.1' provider is not registered on the local machine.

2015/2/7 18:01:10
d:\ehl_exp\

2015/2/7 18:01:13
test

2015/2/7 18:01:13
Provider=MSDAORA.1;Data Source=atmsfg;Persist Security Info=True;User ID=tgs_admin;Password=ehl1234;

2015/2/7 18:01:13
The 'MSDAORA.1' provider is not registered on the local machine.

2015/2/7 18:01:13
d:\ehl_exp\

2015/2/7 18:01:16
test

2015/2/7 18:01:16
Provider=MSDAORA.1;Data Source=atmsfg;Persist Security Info=True;User ID=tgs_admin;Password=ehl1234;

2015/2/7 18:01:16
The 'MSDAORA.1' provider is not registered on the local machine.

2015/2/7 18:01:16
d:\ehl_exp\

2015/2/7 18:01:19
test

2015/2/7 18:01:19
Provider=MSDAORA.1;Data Source=atmsfg;Persist Security Info=True;User ID=tgs_admin;Password=ehl1234;

2015/2/7 18:01:19
The 'MSDAORA.1' provider is not registered on the local machine.

2015/2/7 18:01:19
d:\ehl_exp\

2015/2/7 18:01:22
test

2015/2/7 18:01:22
Provider=MSDAORA.1;Data Source=atmsfg;Persist Security Info=True;User ID=tgs_admin;Password=ehl1234;

2015/2/7 18:01:22
The 'MSDAORA.1' provider is not registered on the local machine.

2015/2/7 18:01:22
d:\ehl_exp\

2015/2/7 18:01:25
test

2015/2/7 18:01:25
Provider=MSDAORA.1;Data Source=atmsfg;Persist Security Info=True;User ID=tgs_admin;Password=ehl1234;

2015/2/7 18:01:26
The 'MSDAORA.1' provider is not registered on the local machine.

2015/2/7 18:01:26
d:\ehl_exp\

2015/2/7 18:01:29
test

2015/2/7 18:01:29
Provider=MSDAORA.1;Data Source=atmsfg;Persist Security Info=True;User ID=tgs_admin;Password=ehl1234;

2015/2/7 18:01:29
The 'MSDAORA.1' provider is not registered on the local machine.

2015/2/7 18:01:29
d:\ehl_exp\

2015/2/7 18:01:32
test

2015/2/7 18:01:32
Provider=MSDAORA.1;Data Source=atmsfg;Persist Security Info=True;User ID=tgs_admin;Password=ehl1234;

2015/2/7 18:01:32
The 'MSDAORA.1' provider is not registered on the local machine.

2015/2/7 18:01:32
d:\ehl_exp\

2015/2/7 18:01:44
thread begin

2015/2/7 18:01:44
test

2015/2/7 18:01:44
Provider=ORAOLEDB.ORACLE.1;Data Source=atmsfg;Persist Security Info=True;User ID=tgs_admin;Password=ehl1234;

2015/2/7 18:01:44
The 'ORAOLEDB.ORACLE.1' provider is not registered on the local machine.

2015/2/7 18:01:44
d:\ehl_exp\

2015/2/7 18:01:47
test

2015/2/7 18:01:47
Provider=ORAOLEDB.ORACLE.1;Data Source=atmsfg;Persist Security Info=True;User ID=tgs_admin;Password=ehl1234;

2015/2/7 18:01:47
The 'ORAOLEDB.ORACLE.1' provider is not registered on the local machine.

2015/2/7 18:01:47
d:\ehl_exp\

2015/2/7 18:11:18
thread begin

2015/2/7 18:11:18
test

2015/2/7 18:11:18
Provider=ORAOLEDB.ORACLE.1;Data Source=atmsfg;Persist Security Info=True;User ID=tgs_admin;Password=ehl1234;

2015/2/7 18:11:18
The 'ORAOLEDB.ORACLE.1' provider is not registered on the local machine.

2015/2/7 18:11:18
d:\ehl_exp\

2015/2/7 18:11:21
test

2015/2/7 18:11:21
Provider=ORAOLEDB.ORACLE.1;Data Source=atmsfg;Persist Security Info=True;User ID=tgs_admin;Password=ehl1234;

2015/2/7 18:11:21
The 'ORAOLEDB.ORACLE.1' provider is not registered on the local machine.

2015/2/7 18:11:21
d:\ehl_exp\

2015/2/7 18:11:24
test

2015/2/7 18:11:24
Provider=ORAOLEDB.ORACLE.1;Data Source=atmsfg;Persist Security Info=True;User ID=tgs_admin;Password=ehl1234;

2015/2/7 18:11:24
The 'ORAOLEDB.ORACLE.1' provider is not registered on the local machine.

2015/2/7 18:11:24
d:\ehl_exp\

2015/2/7 18:16:55
thread begin

2015/2/7 18:16:55
test

2015/2/7 18:16:55
Provider=ORAOLEDB.ORACLE.1;Data Source=atmsfg;Persist Security Info=True;User ID=tgs_admin;Password=ehl1234;

2015/2/7 18:19:35
thread begin

2015/2/7 18:19:35
test

2015/2/7 18:19:35
Data Source=atmsfg;User ID=tgs_admin;Password=ehl1234;

2015/2/7 18:19:36
Attempt to load Oracle client libraries threw BadImageFormatException.  This problem will occur when running in 64 bit mode with the 32 bit Oracle client components installed.

2015/2/7 18:19:36
d:\ehl_exp\

2015/2/7 18:19:39
test

2015/2/7 18:19:39
Data Source=atmsfg;User ID=tgs_admin;Password=ehl1234;

2015/2/7 18:19:39
Attempt to load Oracle client libraries threw BadImageFormatException.  This problem will occur when running in 64 bit mode with the 32 bit Oracle client components installed.

2015/2/7 18:19:39
d:\ehl_exp\

2015/2/7 18:19:42
test

2015/2/7 18:19:42
Data Source=atmsfg;User ID=tgs_admin;Password=ehl1234;

2015/2/7 18:19:42
Attempt to load Oracle client libraries threw BadImageFormatException.  This problem will occur when running in 64 bit mode with the 32 bit Oracle client components installed.

2015/2/7 18:19:42
d:\ehl_exp\

2015/2/7 18:19:45
test

2015/2/7 18:19:45
Data Source=atmsfg;User ID=tgs_admin;Password=ehl1234;

2015/2/7 18:19:45
Attempt to load Oracle client libraries threw BadImageFormatException.  This problem will occur when running in 64 bit mode with the 32 bit Oracle client components installed.

2015/2/7 18:19:45
d:\ehl_exp\

2015/2/7 18:19:48
test

2015/2/7 18:19:48
Data Source=atmsfg;User ID=tgs_admin;Password=ehl1234;

2015/2/7 18:19:48
Attempt to load Oracle client libraries threw BadImageFormatException.  This problem will occur when running in 64 bit mode with the 32 bit Oracle client components installed.

2015/2/7 18:19:48
d:\ehl_exp\

2015/2/7 18:19:51
test

2015/2/7 18:19:51
Data Source=atmsfg;User ID=tgs_admin;Password=ehl1234;

2015/2/7 18:19:51
Attempt to load Oracle client libraries threw BadImageFormatException.  This problem will occur when running in 64 bit mode with the 32 bit Oracle client components installed.

2015/2/7 18:19:51
d:\ehl_exp\

2015/2/7 18:20:10
thread begin

2015/2/7 18:20:10
test

2015/2/7 18:20:10
Data Source=atmsfg;User ID=tgs_admin;Password=ehl1234;

2015/2/7 18:20:11
Open

2015/2/7 18:20:11
proce_data!

2015/2/7 18:20:11
 SELECT   t.XH,t.fxbh,t.sbbj,t.cdbh,decode(t.HPZL,'01',3,'02',3,'23',4,'24',5,'25',4,'13',6,'14',6,3) AS CLFL, decode(t.HPZL,'23','02','24','02','05','02','25','07','26','07',HPZL) AS HPZL,  t.HPHM, NVL(T.CLLX,decode(t.HPZL,'13','H41','K31')) AS JTFS,  NVL(T.FZJG,'陕K')AS FZJG, decode(t.SJLY,'1',1,'2',2,'3',3,'4',4,'5',5,'6',6,'8',9,'9',9)AS SJLY, t.WFSJ, t1.fxcddbh as wfdd,t1.sbbh as sbbh, t1.ddmc  as wfdz, t.WFXW, t.CSBJ,CJJG, f_get_value ('WFXWMS','T_TMS_PECCNACY_TYPE','WFXW',t.WFXW) AS WFNR, '' as zqmj, nvl(t.jdssyr,'未知')as jdssyr,t.dh,t.lxfs,t.zsxxdz,t.zsxzqh, t1.xzqh as xzqh , t.clpp,t.cllx,t.csys,t.fdjh,t.clsbdh,t.clsd,F_GET_LIMITSPEED(t.wfdd,t.hpzl) as clxs,t.jcbj,NVL(t.SYXZ,'A') AS SYXZ,(select 'http://'||zjwjip||zjwjlj  from  tgs_admin.t_tgs_capture where xh = t.xh and zjwjsx=1) as jpgfilename1,(select 'http://'||zjwjip||zjwjlj  from  tgs_admin.t_tgs_capture where xh = t.xh and zjwjsx=2) as jpgfilename2,(select 'http://'||zjwjip||zjwjlj  from  tgs_admin.t_tgs_capture where xh = t.xh and zjwjsx=3) as jpgfilename3 FROM   t_tms_peccancy t  left join t_tgs_location t1 on t.WFDD = t1.ddbh  where t.CSBJ = '0' and t.WFSJ>= sysdate-30  and t.WFDD in ('620031002000',620031018000)  and rownum < 50

2015/2/7 18:20:11
exec sql result:True

2015/2/7 18:20:40
thread begin

2015/2/7 18:20:40
test

2015/2/7 18:20:40
Data Source=atmsfg;User ID=tgs_admin;Password=ehl1234;

2015/2/7 18:20:40
Open

2015/2/7 18:20:40
proce_data!

2015/2/7 18:20:40
 SELECT   t.XH,t.fxbh,t.sbbj,t.cdbh,decode(t.HPZL,'01',3,'02',3,'23',4,'24',5,'25',4,'13',6,'14',6,3) AS CLFL, decode(t.HPZL,'23','02','24','02','05','02','25','07','26','07',HPZL) AS HPZL,  t.HPHM, NVL(T.CLLX,decode(t.HPZL,'13','H41','K31')) AS JTFS,  NVL(T.FZJG,'陕K')AS FZJG, decode(t.SJLY,'1',1,'2',2,'3',3,'4',4,'5',5,'6',6,'8',9,'9',9)AS SJLY, t.WFSJ, t1.fxcddbh as wfdd,t1.sbbh as sbbh, t1.ddmc  as wfdz, t.WFXW, t.CSBJ,CJJG, f_get_value ('WFXWMS','T_TMS_PECCNACY_TYPE','WFXW',t.WFXW) AS WFNR, '' as zqmj, nvl(t.jdssyr,'未知')as jdssyr,t.dh,t.lxfs,t.zsxxdz,t.zsxzqh, t1.xzqh as xzqh , t.clpp,t.cllx,t.csys,t.fdjh,t.clsbdh,t.clsd,F_GET_LIMITSPEED(t.wfdd,t.hpzl) as clxs,t.jcbj,NVL(t.SYXZ,'A') AS SYXZ,(select 'http://'||zjwjip||zjwjlj  from  tgs_admin.t_tgs_capture where xh = t.xh and zjwjsx=1) as jpgfilename1,(select 'http://'||zjwjip||zjwjlj  from  tgs_admin.t_tgs_capture where xh = t.xh and zjwjsx=2) as jpgfilename2,(select 'http://'||zjwjip||zjwjlj  from  tgs_admin.t_tgs_capture where xh = t.xh and zjwjsx=3) as jpgfilename3 FROM   t_tms_peccancy t  left join t_tgs_location t1 on t.WFDD = t1.ddbh  where t.CSBJ = '0' and t.WFSJ>= sysdate-30  and t.WFDD in ('620031002000',620031018000)  and rownum < 50

2015/2/7 18:20:40
exec sql result:True

2015/2/7 19:16:57
thread begin

2015/2/7 19:16:58
test

2015/2/7 19:16:58
Data Source=atmsfg;User ID=tgs_admin;Password=ehl1234;

2015/2/7 19:16:58
Open

2015/2/7 19:16:58
proce_data!

2015/2/7 19:16:58
 SELECT   t.XH,t.fxbh,t.sbbj,t.cdbh,decode(t.HPZL,'01',3,'02',3,'23',4,'24',5,'25',4,'13',6,'14',6,3) AS CLFL, decode(t.HPZL,'23','02','24','02','05','02','25','07','26','07',HPZL) AS HPZL,  t.HPHM, NVL(T.CLLX,decode(t.HPZL,'13','H41','K31')) AS JTFS,  NVL(T.FZJG,'陕K')AS FZJG, decode(t.SJLY,'1',1,'2',2,'3',3,'4',4,'5',5,'6',6,'8',9,'9',9)AS SJLY, TO_Char(t.WFSJ,'yyyy-mm-dd') as WFRQ, TO_CHAR(t.WFSJ,'yyyy-mm-dd hh24:mi:ss') as WFSJ, t1.fxcddbh as wfdd,t1.sbbh as sbbh, t1.ddmc  as wfdz, t.WFXW, t.CSBJ,CJJG, f_get_value ('WFXWMS','T_TMS_PECCNACY_TYPE','WFXW',t.WFXW) AS WFNR, '' as zqmj, nvl(t.jdssyr,'未知')as jdssyr,t.dh,t.lxfs,t.zsxxdz,t.zsxzqh, t1.xzqh as xzqh , t.clpp,t.cllx,t.csys,t.fdjh,t.clsbdh,t.clsd,F_GET_LIMITSPEED(t.wfdd,t.hpzl) as clxs,t.jcbj,NVL(t.SYXZ,'A') AS SYXZ,(select 'http://'||zjwjip||zjwjlj  from  tgs_admin.t_tgs_capture where xh = t.xh and zjwjsx=1) as jpgfilename1,(select 'http://'||zjwjip||zjwjlj  from  tgs_admin.t_tgs_capture where xh = t.xh and zjwjsx=2) as jpgfilename2,(select 'http://'||zjwjip||zjwjlj  from  tgs_admin.t_tgs_capture where xh = t.xh and zjwjsx=3) as jpgfilename3 FROM   t_tms_peccancy t  left join t_tgs_location t1 on t.WFDD = t1.ddbh  where t.CSBJ = '0' and t.WFSJ>= sysdate-30  and t.WFDD in ('620031002000',620031018000)  and rownum < 50

2015/2/7 19:16:58
exec sql result:True

2015/2/7 19:16:58
d:\ehl_exp\/2015-01-27/

2015/2/7 19:16:59
web service error:Could not find endpoint element with name 'http://10.177.98.6:9080/rminf/services/RmOutAccess?wsdl' and contract 'ServiceReference.RmJaxRpcOutAccess' in the ServiceModel client configuration section. This might be because no configuration file was found for your application, or because no endpoint element matching this name could be found in the client element.

2015/2/7 19:17:04
process data item error.

2015/2/7 19:17:04
d:\ehl_exp\/2015-01-26/

2015/2/7 19:17:04
web service error:Could not find endpoint element with name 'http://10.177.98.6:9080/rminf/services/RmOutAccess?wsdl' and contract 'ServiceReference.RmJaxRpcOutAccess' in the ServiceModel client configuration section. This might be because no configuration file was found for your application, or because no endpoint element matching this name could be found in the client element.

2015/2/7 19:17:09
process data item error.

2015/2/7 19:17:09
d:\ehl_exp\/2015-01-22/

2015/2/7 19:17:09
web service error:Could not find endpoint element with name 'http://10.177.98.6:9080/rminf/services/RmOutAccess?wsdl' and contract 'ServiceReference.RmJaxRpcOutAccess' in the ServiceModel client configuration section. This might be because no configuration file was found for your application, or because no endpoint element matching this name could be found in the client element.

2015/2/7 19:17:14
process data item error.

2015/2/7 19:17:14
d:\ehl_exp\/2015-01-20/

2015/2/7 19:17:14
web service error:Could not find endpoint element with name 'http://10.177.98.6:9080/rminf/services/RmOutAccess?wsdl' and contract 'ServiceReference.RmJaxRpcOutAccess' in the ServiceModel client configuration section. This might be because no configuration file was found for your application, or because no endpoint element matching this name could be found in the client element.

2015/2/7 19:17:19
process data item error.

2015/2/7 19:17:19
d:\ehl_exp\/2015-01-20/

2015/2/7 19:17:19
web service error:Could not find endpoint element with name 'http://10.177.98.6:9080/rminf/services/RmOutAccess?wsdl' and contract 'ServiceReference.RmJaxRpcOutAccess' in the ServiceModel client configuration section. This might be because no configuration file was found for your application, or because no endpoint element matching this name could be found in the client element.

2015/2/7 19:17:24
process data item error.

2015/2/7 19:17:24
d:\ehl_exp\/2015-01-20/

2015/2/7 19:17:24
web service error:Could not find endpoint element with name 'http://10.177.98.6:9080/rminf/services/RmOutAccess?wsdl' and contract 'ServiceReference.RmJaxRpcOutAccess' in the ServiceModel client configuration section. This might be because no configuration file was found for your application, or because no endpoint element matching this name could be found in the client element.

2015/2/7 19:17:29
process data item error.

2015/2/7 19:17:29
d:\ehl_exp\/2015-01-20/

2015/2/7 19:17:29
web service error:Could not find endpoint element with name 'http://10.177.98.6:9080/rminf/services/RmOutAccess?wsdl' and contract 'ServiceReference.RmJaxRpcOutAccess' in the ServiceModel client configuration section. This might be because no configuration file was found for your application, or because no endpoint element matching this name could be found in the client element.

2015/2/7 19:17:34
process data item error.

2015/2/7 19:17:34
d:\ehl_exp\/2015-01-20/

2015/2/7 19:17:34
web service error:Could not find endpoint element with name 'http://10.177.98.6:9080/rminf/services/RmOutAccess?wsdl' and contract 'ServiceReference.RmJaxRpcOutAccess' in the ServiceModel client configuration section. This might be because no configuration file was found for your application, or because no endpoint element matching this name could be found in the client element.

2015/2/7 19:17:39
process data item error.

2015/2/7 19:17:39
d:\ehl_exp\/2015-01-20/

2015/2/7 19:17:39
web service error:Could not find endpoint element with name 'http://10.177.98.6:9080/rminf/services/RmOutAccess?wsdl' and contract 'ServiceReference.RmJaxRpcOutAccess' in the ServiceModel client configuration section. This might be because no configuration file was found for your application, or because no endpoint element matching this name could be found in the client element.

2015/2/7 19:17:44
process data item error.

2015/2/7 19:17:44
d:\ehl_exp\/2015-01-20/

2015/2/7 19:17:44
web service error:Could not find endpoint element with name 'http://10.177.98.6:9080/rminf/services/RmOutAccess?wsdl' and contract 'ServiceReference.RmJaxRpcOutAccess' in the ServiceModel client configuration section. This might be because no configuration file was found for your application, or because no endpoint element matching this name could be found in the client element.

2015/2/7 19:17:49
process data item error.

2015/2/7 19:17:49
d:\ehl_exp\/2015-01-20/

2015/2/7 19:17:49
web service error:Could not find endpoint element with name 'http://10.177.98.6:9080/rminf/services/RmOutAccess?wsdl' and contract 'ServiceReference.RmJaxRpcOutAccess' in the ServiceModel client configuration section. This might be because no configuration file was found for your application, or because no endpoint element matching this name could be found in the client element.

2015/2/7 19:17:54
process data item error.

2015/2/7 19:17:54
d:\ehl_exp\/2015-01-20/

2015/2/7 19:17:54
web service error:Could not find endpoint element with name 'http://10.177.98.6:9080/rminf/services/RmOutAccess?wsdl' and contract 'ServiceReference.RmJaxRpcOutAccess' in the ServiceModel client configuration section. This might be because no configuration file was found for your application, or because no endpoint element matching this name could be found in the client element.

2015/2/7 19:17:59
process data item error.

2015/2/7 19:17:59
d:\ehl_exp\/2015-01-20/

2015/2/7 19:17:59
web service error:Could not find endpoint element with name 'http://10.177.98.6:9080/rminf/services/RmOutAccess?wsdl' and contract 'ServiceReference.RmJaxRpcOutAccess' in the ServiceModel client configuration section. This might be because no configuration file was found for your application, or because no endpoint element matching this name could be found in the client element.

2015/2/7 19:18:04
process data item error.

2015/2/7 19:18:04
d:\ehl_exp\/2015-01-20/

2015/2/7 19:18:04
web service error:Could not find endpoint element with name 'http://10.177.98.6:9080/rminf/services/RmOutAccess?wsdl' and contract 'ServiceReference.RmJaxRpcOutAccess' in the ServiceModel client configuration section. This might be because no configuration file was found for your application, or because no endpoint element matching this name could be found in the client element.

2015/2/7 19:18:09
process data item error.

2015/2/7 19:18:09
d:\ehl_exp\/2015-01-20/

2015/2/7 19:18:09
web service error:Could not find endpoint element with name 'http://10.177.98.6:9080/rminf/services/RmOutAccess?wsdl' and contract 'ServiceReference.RmJaxRpcOutAccess' in the ServiceModel client configuration section. This might be because no configuration file was found for your application, or because no endpoint element matching this name could be found in the client element.

2015/2/7 19:18:14
process data item error.

2015/2/7 19:18:14
d:\ehl_exp\/2015-01-20/

2015/2/7 19:18:14
web service error:Could not find endpoint element with name 'http://10.177.98.6:9080/rminf/services/RmOutAccess?wsdl' and contract 'ServiceReference.RmJaxRpcOutAccess' in the ServiceModel client configuration section. This might be because no configuration file was found for your application, or because no endpoint element matching this name could be found in the client element.

2015/2/7 19:18:19
process data item error.

2015/2/7 19:18:19
d:\ehl_exp\/2015-01-20/

2015/2/7 19:18:19
web service error:Could not find endpoint element with name 'http://10.177.98.6:9080/rminf/services/RmOutAccess?wsdl' and contract 'ServiceReference.RmJaxRpcOutAccess' in the ServiceModel client configuration section. This might be because no configuration file was found for your application, or because no endpoint element matching this name could be found in the client element.

2015/2/7 19:18:24
process data item error.

2015/2/7 19:18:24
d:\ehl_exp\/2015-01-20/

2015/2/7 19:18:25
web service error:Could not find endpoint element with name 'http://10.177.98.6:9080/rminf/services/RmOutAccess?wsdl' and contract 'ServiceReference.RmJaxRpcOutAccess' in the ServiceModel client configuration section. This might be because no configuration file was found for your application, or because no endpoint element matching this name could be found in the client element.

2015/2/7 19:18:30
process data item error.

2015/2/7 19:18:30
d:\ehl_exp\/2015-01-20/

2015/2/7 19:18:30
web service error:Could not find endpoint element with name 'http://10.177.98.6:9080/rminf/services/RmOutAccess?wsdl' and contract 'ServiceReference.RmJaxRpcOutAccess' in the ServiceModel client configuration section. This might be because no configuration file was found for your application, or because no endpoint element matching this name could be found in the client element.

2015/2/7 19:18:35
process data item error.

2015/2/7 19:18:35
d:\ehl_exp\/2015-01-20/

2015/2/7 19:18:35
web service error:Could not find endpoint element with name 'http://10.177.98.6:9080/rminf/services/RmOutAccess?wsdl' and contract 'ServiceReference.RmJaxRpcOutAccess' in the ServiceModel client configuration section. This might be because no configuration file was found for your application, or because no endpoint element matching this name could be found in the client element.

2015/2/7 19:18:40
process data item error.

2015/2/7 19:18:40
d:\ehl_exp\/2015-01-20/

2015/2/7 19:18:40
web service error:Could not find endpoint element with name 'http://10.177.98.6:9080/rminf/services/RmOutAccess?wsdl' and contract 'ServiceReference.RmJaxRpcOutAccess' in the ServiceModel client configuration section. This might be because no configuration file was found for your application, or because no endpoint element matching this name could be found in the client element.

2015/2/7 19:18:45
process data item error.

2015/2/7 19:18:45
d:\ehl_exp\/2015-01-20/

2015/2/7 19:18:45
web service error:Could not find endpoint element with name 'http://10.177.98.6:9080/rminf/services/RmOutAccess?wsdl' and contract 'ServiceReference.RmJaxRpcOutAccess' in the ServiceModel client configuration section. This might be because no configuration file was found for your application, or because no endpoint element matching this name could be found in the client element.

2015/2/7 19:18:50
process data item error.

2015/2/7 19:18:50
d:\ehl_exp\/2015-01-20/

2015/2/7 19:18:50
web service error:Could not find endpoint element with name 'http://10.177.98.6:9080/rminf/services/RmOutAccess?wsdl' and contract 'ServiceReference.RmJaxRpcOutAccess' in the ServiceModel client configuration section. This might be because no configuration file was found for your application, or because no endpoint element matching this name could be found in the client element.

2015/2/7 19:18:55
process data item error.

2015/2/7 19:18:55
d:\ehl_exp\/2015-01-20/

2015/2/7 19:18:55
web service error:Could not find endpoint element with name 'http://10.177.98.6:9080/rminf/services/RmOutAccess?wsdl' and contract 'ServiceReference.RmJaxRpcOutAccess' in the ServiceModel client configuration section. This might be because no configuration file was found for your application, or because no endpoint element matching this name could be found in the client element.

2015/2/7 19:19:00
process data item error.

2015/2/7 19:19:00
d:\ehl_exp\/2015-01-20/

2015/2/7 19:19:00
web service error:Could not find endpoint element with name 'http://10.177.98.6:9080/rminf/services/RmOutAccess?wsdl' and contract 'ServiceReference.RmJaxRpcOutAccess' in the ServiceModel client configuration section. This might be because no configuration file was found for your application, or because no endpoint element matching this name could be found in the client element.

2015/2/7 19:19:05
process data item error.

2015/2/7 19:19:05
d:\ehl_exp\/2015-01-20/

2015/2/7 19:19:05
web service error:Could not find endpoint element with name 'http://10.177.98.6:9080/rminf/services/RmOutAccess?wsdl' and contract 'ServiceReference.RmJaxRpcOutAccess' in the ServiceModel client configuration section. This might be because no configuration file was found for your application, or because no endpoint element matching this name could be found in the client element.

2015/2/7 19:19:10
process data item error.

2015/2/7 19:19:10
d:\ehl_exp\/2015-01-20/

2015/2/7 19:19:10
web service error:Could not find endpoint element with name 'http://10.177.98.6:9080/rminf/services/RmOutAccess?wsdl' and contract 'ServiceReference.RmJaxRpcOutAccess' in the ServiceModel client configuration section. This might be because no configuration file was found for your application, or because no endpoint element matching this name could be found in the client element.

2015/2/7 19:19:15
process data item error.

2015/2/7 19:19:15
d:\ehl_exp\/2015-01-20/

2015/2/7 19:19:15
web service error:Could not find endpoint element with name 'http://10.177.98.6:9080/rminf/services/RmOutAccess?wsdl' and contract 'ServiceReference.RmJaxRpcOutAccess' in the ServiceModel client configuration section. This might be because no configuration file was found for your application, or because no endpoint element matching this name could be found in the client element.

2015/2/7 19:19:20
process data item error.

2015/2/7 19:19:20
d:\ehl_exp\/2015-01-20/

2015/2/7 19:19:21
web service error:Could not find endpoint element with name 'http://10.177.98.6:9080/rminf/services/RmOutAccess?wsdl' and contract 'ServiceReference.RmJaxRpcOutAccess' in the ServiceModel client configuration section. This might be because no configuration file was found for your application, or because no endpoint element matching this name could be found in the client element.

2015/2/7 19:19:26
process data item error.

2015/2/7 19:19:26
d:\ehl_exp\/2015-01-20/

2015/2/7 19:19:26
web service error:Could not find endpoint element with name 'http://10.177.98.6:9080/rminf/services/RmOutAccess?wsdl' and contract 'ServiceReference.RmJaxRpcOutAccess' in the ServiceModel client configuration section. This might be because no configuration file was found for your application, or because no endpoint element matching this name could be found in the client element.

2015/2/7 19:42:59
thread begin

2015/2/7 19:42:59
test

2015/2/7 19:42:59
Data Source=atmsfg;User ID=tgs_admin;Password=ehl1234;

2015/2/7 19:42:59
Open

2015/2/7 19:42:59
proce_data!

2015/2/7 19:42:59
 SELECT   t.XH,t.fxbh,t.sbbj,t.cdbh,decode(t.HPZL,'01',3,'02',3,'23',4,'24',5,'25',4,'13',6,'14',6,3) AS CLFL, decode(t.HPZL,'23','02','24','02','05','02','25','07','26','07',HPZL) AS HPZL,  t.HPHM, NVL(T.CLLX,decode(t.HPZL,'13','H41','K31')) AS JTFS,  NVL(T.FZJG,'陕K')AS FZJG, decode(t.SJLY,'1',1,'2',2,'3',3,'4',4,'5',5,'6',6,'8',9,'9',9)AS SJLY, TO_Char(t.WFSJ,'yyyy-mm-dd') as WFRQ, TO_CHAR(t.WFSJ,'yyyy-mm-dd hh24:mi:ss') as WFSJ, t1.fxcddbh as wfdd,t1.sbbh as sbbh, t1.ddmc  as wfdz, t.WFXW, t.CSBJ,CJJG, f_get_value ('WFXWMS','T_TMS_PECCNACY_TYPE','WFXW',t.WFXW) AS WFNR, '' as zqmj, nvl(t.jdssyr,'未知')as jdssyr,t.dh,t.lxfs,t.zsxxdz,t.zsxzqh, t1.xzqh as xzqh , t.clpp,t.cllx,t.csys,t.fdjh,t.clsbdh,t.clsd,F_GET_LIMITSPEED(t.wfdd,t.hpzl) as clxs,t.jcbj,NVL(t.SYXZ,'A') AS SYXZ,(select 'http://'||zjwjip||zjwjlj  from  tgs_admin.t_tgs_capture where xh = t.xh and zjwjsx=1) as jpgfilename1,(select 'http://'||zjwjip||zjwjlj  from  tgs_admin.t_tgs_capture where xh = t.xh and zjwjsx=2) as jpgfilename2,(select 'http://'||zjwjip||zjwjlj  from  tgs_admin.t_tgs_capture where xh = t.xh and zjwjsx=3) as jpgfilename3 FROM   t_tms_peccancy t  left join t_tgs_location t1 on t.WFDD = t1.ddbh  where t.CSBJ = '0' and t.WFSJ>= sysdate-30  and t.WFDD in ('620031002000',620031018000)  and rownum < 50

2015/2/7 19:42:59
exec sql result:True

2015/2/7 19:42:59
d:\ehl_exp\/2015-01-08/

2015/2/7 19:42:59
http://29.12.120.19/capture/WeiFa/20150108/(电警)河滨路滨苑十字/19/20150108193510654-1(陕KA2751)(11)(2)(PZC3DW12700044201)(00)(93)(2)(dahua).jpg

2015/2/7 19:42:59
http://29.12.120.19/capture/WeiFa/20150108/(电警)河滨路滨苑十字/19/20150108193510654-1(陕KA2751)(11)(2)(PZC3DW12700044201)(00)(93)(2)(dahua).jpg

2015/2/7 19:43:23
System.Net.WebException: Unable to connect to the remote server ---> System.Net.Sockets.SocketException: 由于连接方在一段时间后没有正确答复或连接的主机没有反应，连接尝试失败。 29.12.120.19:80
   at System.Net.Sockets.Socket.DoConnect(EndPoint endPointSnapshot, SocketAddress socketAddress)
   at System.Net.ServicePoint.ConnectSocketInternal(Boolean connectFailure, Socket s4, Socket s6, Socket& socket, IPAddress& address, ConnectSocketState state, IAsyncResult asyncResult, Exception& exception)
   --- End of inner exception stack trace ---
   at System.Net.WebClient.DownloadDataInternal(Uri address, WebRequest& request)
   at System.Net.WebClient.DownloadData(Uri address)
   at System.Net.WebClient.DownloadData(String address)
   at ehl.itgs.uploaddata.data.itgs_data.download_jpegdata(String httpfilename) in d:\users\tony\documents\visual studio 2013\Projects\ehl.itgs.uploaddata\ehl.itgs.uploaddata\itgs.data\data.cs:line 438

2015/2/7 19:44:51
thread begin

2015/2/7 19:44:51
test

2015/2/7 19:44:51
Data Source=atmsfg;User ID=tgs_admin;Password=ehl1234;

2015/2/7 19:44:52
Open

2015/2/7 19:44:52
proce_data!

2015/2/7 19:44:52
 SELECT   t.XH,t.fxbh,t.sbbj,t.cdbh,decode(t.HPZL,'01',3,'02',3,'23',4,'24',5,'25',4,'13',6,'14',6,3) AS CLFL, decode(t.HPZL,'23','02','24','02','05','02','25','07','26','07',HPZL) AS HPZL,  t.HPHM, NVL(T.CLLX,decode(t.HPZL,'13','H41','K31')) AS JTFS,  NVL(T.FZJG,'陕K')AS FZJG, decode(t.SJLY,'1',1,'2',2,'3',3,'4',4,'5',5,'6',6,'8',9,'9',9)AS SJLY, TO_Char(t.WFSJ,'yyyy-mm-dd') as WFRQ, TO_CHAR(t.WFSJ,'yyyy-mm-dd hh24:mi:ss') as WFSJ, t1.fxcddbh as wfdd,t1.sbbh as sbbh, t1.ddmc  as wfdz, t.WFXW, t.CSBJ,CJJG, f_get_value ('WFXWMS','T_TMS_PECCNACY_TYPE','WFXW',t.WFXW) AS WFNR, '' as zqmj, nvl(t.jdssyr,'未知')as jdssyr,t.dh,t.lxfs,t.zsxxdz,t.zsxzqh, t1.xzqh as xzqh , t.clpp,t.cllx,t.csys,t.fdjh,t.clsbdh,t.clsd,F_GET_LIMITSPEED(t.wfdd,t.hpzl) as clxs,t.jcbj,NVL(t.SYXZ,'A') AS SYXZ,(select 'http://'||zjwjip||zjwjlj  from  tgs_admin.t_tgs_capture where xh = t.xh and zjwjsx=1) as jpgfilename1,(select 'http://'||zjwjip||zjwjlj  from  tgs_admin.t_tgs_capture where xh = t.xh and zjwjsx=2) as jpgfilename2,(select 'http://'||zjwjip||zjwjlj  from  tgs_admin.t_tgs_capture where xh = t.xh and zjwjsx=3) as jpgfilename3 FROM   t_tms_peccancy t  left join t_tgs_location t1 on t.WFDD = t1.ddbh  where t.CSBJ = '0' and t.WFSJ>= sysdate-30  and t.WFDD in ('620031002000',620031018000)  and rownum < 50

2015/2/7 19:44:52
exec sql result:True

2015/2/7 19:44:52
d:\ehl_exp\/2015-01-08/

2015/2/7 19:44:52
http://29.12.120.19/capture/WeiFa/20150108/(电警)河滨路滨苑十字/19/20150108193702588-1(陕KHN565)(5)(2)(PZC3DW12700044201)(00)(15)(2)(dahua).jpg

2015/2/7 19:44:52
http://29.12.120.19/capture/WeiFa/20150108/(电警)河滨路滨苑十字/19/20150108193702588-1(陕KHN565)(5)(2)(PZC3DW12700044201)(00)(15)(2)(dahua).jpg

2015/2/7 19:45:15
System.Net.WebException: Unable to connect to the remote server ---> System.Net.Sockets.SocketException: 由于连接方在一段时间后没有正确答复或连接的主机没有反应，连接尝试失败。 29.12.120.19:80
   at System.Net.Sockets.Socket.DoConnect(EndPoint endPointSnapshot, SocketAddress socketAddress)
   at System.Net.ServicePoint.ConnectSocketInternal(Boolean connectFailure, Socket s4, Socket s6, Socket& socket, IPAddress& address, ConnectSocketState state, IAsyncResult asyncResult, Exception& exception)
   --- End of inner exception stack trace ---
   at System.Net.WebClient.DownloadDataInternal(Uri address, WebRequest& request)
   at System.Net.WebClient.DownloadData(Uri address)
   at System.Net.WebClient.DownloadData(String address)
   at ehl.itgs.uploaddata.data.itgs_data.download_jpegdata(String httpfilename) in d:\users\tony\documents\visual studio 2013\Projects\ehl.itgs.uploaddata\ehl.itgs.uploaddata\itgs.data\data.cs:line 438

2015/2/7 19:48:08
thread begin

2015/2/7 19:48:08
test

2015/2/7 19:48:08
Data Source=atmsfg;User ID=tgs_admin;Password=ehl1234;

2015/2/7 19:48:09
Open

2015/2/7 19:48:09
proce_data!

2015/2/7 19:48:09
 SELECT   t.XH,t.fxbh,t.sbbj,t.cdbh,decode(t.HPZL,'01',3,'02',3,'23',4,'24',5,'25',4,'13',6,'14',6,3) AS CLFL, decode(t.HPZL,'23','02','24','02','05','02','25','07','26','07',HPZL) AS HPZL,  t.HPHM, NVL(T.CLLX,decode(t.HPZL,'13','H41','K31')) AS JTFS,  NVL(T.FZJG,'陕K')AS FZJG, decode(t.SJLY,'1',1,'2',2,'3',3,'4',4,'5',5,'6',6,'8',9,'9',9)AS SJLY, TO_Char(t.WFSJ,'yyyy-mm-dd') as WFRQ, TO_CHAR(t.WFSJ,'yyyy-mm-dd hh24:mi:ss') as WFSJ, t1.fxcddbh as wfdd,t1.sbbh as sbbh, t1.ddmc  as wfdz, t.WFXW, t.CSBJ,CJJG, f_get_value ('WFXWMS','T_TMS_PECCNACY_TYPE','WFXW',t.WFXW) AS WFNR, '' as zqmj, nvl(t.jdssyr,'未知')as jdssyr,t.dh,t.lxfs,t.zsxxdz,t.zsxzqh, t1.xzqh as xzqh , t.clpp,t.cllx,t.csys,t.fdjh,t.clsbdh,t.clsd,F_GET_LIMITSPEED(t.wfdd,t.hpzl) as clxs,t.jcbj,NVL(t.SYXZ,'A') AS SYXZ,(select 'http://'||zjwjip||zjwjlj  from  tgs_admin.t_tgs_capture where xh = t.xh and zjwjsx=1) as jpgfilename1,(select 'http://'||zjwjip||zjwjlj  from  tgs_admin.t_tgs_capture where xh = t.xh and zjwjsx=2) as jpgfilename2,(select 'http://'||zjwjip||zjwjlj  from  tgs_admin.t_tgs_capture where xh = t.xh and zjwjsx=3) as jpgfilename3 FROM   t_tms_peccancy t  left join t_tgs_location t1 on t.WFDD = t1.ddbh  where t.CSBJ = '0' and t.WFSJ>= sysdate-30  and t.WFDD in ('620031002000',620031018000)  and rownum < 50

2015/2/7 19:48:09
exec sql result:True

2015/2/7 19:48:09
d:\ehl_exp\/2015-01-08/

2015/2/7 19:48:09
http://29.12.120.19/capture/WeiFa/20150108/(电警)河滨路滨苑十字/19/20150108194036809-1(陕KT2549)(5)(2)(PZC3DW12700044201)(00)(59)(2)(dahua).jpg

2015/2/7 19:48:09
http://29.12.120.19/capture/WeiFa/20150108/(电警)河滨路滨苑十字/19/20150108194036809-1(陕KT2549)(5)(2)(PZC3DW12700044201)(00)(59)(2)(dahua).jpg

2015/2/7 19:48:32
System.Net.WebException: Unable to connect to the remote server ---> System.Net.Sockets.SocketException: 由于连接方在一段时间后没有正确答复或连接的主机没有反应，连接尝试失败。 29.12.120.19:80
   at System.Net.Sockets.Socket.DoConnect(EndPoint endPointSnapshot, SocketAddress socketAddress)
   at System.Net.ServicePoint.ConnectSocketInternal(Boolean connectFailure, Socket s4, Socket s6, Socket& socket, IPAddress& address, ConnectSocketState state, IAsyncResult asyncResult, Exception& exception)
   --- End of inner exception stack trace ---
   at System.Net.WebClient.DownloadDataInternal(Uri address, WebRequest& request)
   at System.Net.WebClient.DownloadData(Uri address)
   at System.Net.WebClient.DownloadData(String address)
   at ehl.itgs.uploaddata.data.itgs_data.download_jpegdata(String httpfilename) in d:\users\tony\documents\visual studio 2013\Projects\ehl.itgs.uploaddata\ehl.itgs.uploaddata\itgs.data\data.cs:line 443

2015/2/7 19:49:12
thread begin

2015/2/7 19:49:12
test

2015/2/7 19:49:12
Data Source=atmsfg;User ID=tgs_admin;Password=ehl1234;

2015/2/7 19:49:12
Open

2015/2/7 19:49:12
proce_data!

2015/2/7 19:49:12
 SELECT   t.XH,t.fxbh,t.sbbj,t.cdbh,decode(t.HPZL,'01',3,'02',3,'23',4,'24',5,'25',4,'13',6,'14',6,3) AS CLFL, decode(t.HPZL,'23','02','24','02','05','02','25','07','26','07',HPZL) AS HPZL,  t.HPHM, NVL(T.CLLX,decode(t.HPZL,'13','H41','K31')) AS JTFS,  NVL(T.FZJG,'陕K')AS FZJG, decode(t.SJLY,'1',1,'2',2,'3',3,'4',4,'5',5,'6',6,'8',9,'9',9)AS SJLY, TO_Char(t.WFSJ,'yyyy-mm-dd') as WFRQ, TO_CHAR(t.WFSJ,'yyyy-mm-dd hh24:mi:ss') as WFSJ, t1.fxcddbh as wfdd,t1.sbbh as sbbh, t1.ddmc  as wfdz, t.WFXW, t.CSBJ,CJJG, f_get_value ('WFXWMS','T_TMS_PECCNACY_TYPE','WFXW',t.WFXW) AS WFNR, '' as zqmj, nvl(t.jdssyr,'未知')as jdssyr,t.dh,t.lxfs,t.zsxxdz,t.zsxzqh, t1.xzqh as xzqh , t.clpp,t.cllx,t.csys,t.fdjh,t.clsbdh,t.clsd,F_GET_LIMITSPEED(t.wfdd,t.hpzl) as clxs,t.jcbj,NVL(t.SYXZ,'A') AS SYXZ,(select 'http://'||zjwjip||zjwjlj  from  tgs_admin.t_tgs_capture where xh = t.xh and zjwjsx=1) as jpgfilename1,(select 'http://'||zjwjip||zjwjlj  from  tgs_admin.t_tgs_capture where xh = t.xh and zjwjsx=2) as jpgfilename2,(select 'http://'||zjwjip||zjwjlj  from  tgs_admin.t_tgs_capture where xh = t.xh and zjwjsx=3) as jpgfilename3 FROM   t_tms_peccancy t  left join t_tgs_location t1 on t.WFDD = t1.ddbh  where t.CSBJ = '0' and t.WFSJ>= sysdate-30  and t.WFDD in ('620031002000',620031018000)  and rownum < 50

2015/2/7 19:49:12
exec sql result:True

2015/2/7 19:49:12
d:\ehl_exp\/2015-01-08/

2015/2/7 19:49:13
http://29.12.120.19/capture/WeiFa/20150108/(电警)河滨路滨苑十字/19/20150108194432904-1(陕KSS519)(5)(2)(PZC3DW12700044201)(00)(07)(2)(dahua).jpg

2015/2/7 19:49:13
http://29.12.120.19/capture/WeiFa/20150108/(电警)河滨路滨苑十字/19/20150108194432904-1(陕KSS519)(5)(2)(PZC3DW12700044201)(00)(07)(2)(dahua).jpg

2015/2/7 19:51:10
thread begin

2015/2/7 19:51:10
test

2015/2/7 19:51:10
Data Source=atmsfg;User ID=tgs_admin;Password=ehl1234;

2015/2/7 19:51:10
Open

2015/2/7 19:51:10
proce_data!

2015/2/7 19:51:10
 SELECT   t.XH,t.fxbh,t.sbbj,t.cdbh,decode(t.HPZL,'01',3,'02',3,'23',4,'24',5,'25',4,'13',6,'14',6,3) AS CLFL, decode(t.HPZL,'23','02','24','02','05','02','25','07','26','07',HPZL) AS HPZL,  t.HPHM, NVL(T.CLLX,decode(t.HPZL,'13','H41','K31')) AS JTFS,  NVL(T.FZJG,'陕K')AS FZJG, decode(t.SJLY,'1',1,'2',2,'3',3,'4',4,'5',5,'6',6,'8',9,'9',9)AS SJLY, TO_Char(t.WFSJ,'yyyy-mm-dd') as WFRQ, TO_CHAR(t.WFSJ,'yyyy-mm-dd hh24:mi:ss') as WFSJ, t1.fxcddbh as wfdd,t1.sbbh as sbbh, t1.ddmc  as wfdz, t.WFXW, t.CSBJ,CJJG, f_get_value ('WFXWMS','T_TMS_PECCNACY_TYPE','WFXW',t.WFXW) AS WFNR, '' as zqmj, nvl(t.jdssyr,'未知')as jdssyr,t.dh,t.lxfs,t.zsxxdz,t.zsxzqh, t1.xzqh as xzqh , t.clpp,t.cllx,t.csys,t.fdjh,t.clsbdh,t.clsd,F_GET_LIMITSPEED(t.wfdd,t.hpzl) as clxs,t.jcbj,NVL(t.SYXZ,'A') AS SYXZ,(select 'http://'||zjwjip||zjwjlj  from  tgs_admin.t_tgs_capture where xh = t.xh and zjwjsx=1) as jpgfilename1,(select 'http://'||zjwjip||zjwjlj  from  tgs_admin.t_tgs_capture where xh = t.xh and zjwjsx=2) as jpgfilename2,(select 'http://'||zjwjip||zjwjlj  from  tgs_admin.t_tgs_capture where xh = t.xh and zjwjsx=3) as jpgfilename3 FROM   t_tms_peccancy t  left join t_tgs_location t1 on t.WFDD = t1.ddbh  where t.CSBJ = '0' and t.WFSJ>= sysdate-30  and t.WFDD in ('620031002000',620031018000)  and rownum < 50

2015/2/7 19:51:10
exec sql result:True

2015/2/7 19:51:10
d:\ehl_exp\/2015-01-08/

2015/2/7 19:51:10
http://29.12.120.19/capture/WeiFa/20150108/(电警)河滨路滨苑十字/19/20150108194432904-1(陕KSS519)(5)(2)(PZC3DW12700044201)(00)(07)(2)(dahua).jpg

2015/2/7 19:51:10
http://29.12.120.19/capture/WeiFa/20150108/(电警)河滨路滨苑十字/19/20150108194432904-1(陕KSS519)(5)(2)(PZC3DW12700044201)(00)(07)(2)(dahua).jpg

2015/2/7 19:51:34
System.Net.WebException: Unable to connect to the remote server ---> System.Net.Sockets.SocketException: 由于连接方在一段时间后没有正确答复或连接的主机没有反应，连接尝试失败。 29.12.120.19:80
   at System.Net.Sockets.Socket.DoConnect(EndPoint endPointSnapshot, SocketAddress socketAddress)
   at System.Net.ServicePoint.ConnectSocketInternal(Boolean connectFailure, Socket s4, Socket s6, Socket& socket, IPAddress& address, ConnectSocketState state, IAsyncResult asyncResult, Exception& exception)
   --- End of inner exception stack trace ---
   at System.Net.WebClient.DownloadDataInternal(Uri address, WebRequest& request)
   at System.Net.WebClient.DownloadData(Uri address)
   at System.Net.WebClient.DownloadData(String address)
   at ehl.itgs.uploaddata.data.itgs_data.download_jpegdata(String httpfilename) in d:\users\tony\documents\visual studio 2013\Projects\ehl.itgs.uploaddata\ehl.itgs.uploaddata\itgs.data\data.cs:line 443

2015/2/7 19:51:34
web service error:Could not find endpoint element with name 'http://10.177.98.6:9080/rminf/services/RmOutAccess?wsdl' and contract 'ServiceReference.RmJaxRpcOutAccess' in the ServiceModel client configuration section. This might be because no configuration file was found for your application, or because no endpoint element matching this name could be found in the client element.

2015/2/7 19:51:39
process data item error.

2015/2/7 19:51:39
d:\ehl_exp\/2015-01-08/

2015/2/7 19:51:39
http://29.12.120.19/capture/WeiFa/20150108/(电警)河滨路滨苑十字/19/20150108194435184-1(陕KT1994)(10)(2)(PZC3DW12700044201)(00)(09)(2)(dahua).jpg

2015/2/7 19:51:39
http://29.12.120.19/capture/WeiFa/20150108/(电警)河滨路滨苑十字/19/20150108194435184-1(陕KT1994)(10)(2)(PZC3DW12700044201)(00)(09)(2)(dahua).jpg

2015/2/7 19:52:00
System.Net.WebException: Unable to connect to the remote server ---> System.Net.Sockets.SocketException: 由于连接方在一段时间后没有正确答复或连接的主机没有反应，连接尝试失败。 29.12.120.19:80
   at System.Net.Sockets.Socket.DoConnect(EndPoint endPointSnapshot, SocketAddress socketAddress)
   at System.Net.ServicePoint.ConnectSocketInternal(Boolean connectFailure, Socket s4, Socket s6, Socket& socket, IPAddress& address, ConnectSocketState state, IAsyncResult asyncResult, Exception& exception)
   --- End of inner exception stack trace ---
   at System.Net.WebClient.DownloadDataInternal(Uri address, WebRequest& request)
   at System.Net.WebClient.DownloadData(Uri address)
   at System.Net.WebClient.DownloadData(String address)
   at ehl.itgs.uploaddata.data.itgs_data.download_jpegdata(String httpfilename) in d:\users\tony\documents\visual studio 2013\Projects\ehl.itgs.uploaddata\ehl.itgs.uploaddata\itgs.data\data.cs:line 443

2015/2/7 19:52:00
web service error:Could not find endpoint element with name 'http://10.177.98.6:9080/rminf/services/RmOutAccess?wsdl' and contract 'ServiceReference.RmJaxRpcOutAccess' in the ServiceModel client configuration section. This might be because no configuration file was found for your application, or because no endpoint element matching this name could be found in the client element.

2015/2/7 19:52:05
process data item error.

2015/2/7 19:52:05
d:\ehl_exp\/2015-01-08/

2015/2/7 19:52:05
http://29.12.120.19/capture/WeiFa/20150108/(电警)河滨路滨苑十字/19/20150108194542592-1(陕K7634B)(9)(2)(PZC3DW12700044201)(00)(17)(2)(dahua).jpg

2015/2/7 19:52:05
http://29.12.120.19/capture/WeiFa/20150108/(电警)河滨路滨苑十字/19/20150108194542592-1(陕K7634B)(9)(2)(PZC3DW12700044201)(00)(17)(2)(dahua).jpg

2015/2/7 19:52:26
System.Net.WebException: Unable to connect to the remote server ---> System.Net.Sockets.SocketException: 由于连接方在一段时间后没有正确答复或连接的主机没有反应，连接尝试失败。 29.12.120.19:80
   at System.Net.Sockets.Socket.DoConnect(EndPoint endPointSnapshot, SocketAddress socketAddress)
   at System.Net.ServicePoint.ConnectSocketInternal(Boolean connectFailure, Socket s4, Socket s6, Socket& socket, IPAddress& address, ConnectSocketState state, IAsyncResult asyncResult, Exception& exception)
   --- End of inner exception stack trace ---
   at System.Net.WebClient.DownloadDataInternal(Uri address, WebRequest& request)
   at System.Net.WebClient.DownloadData(Uri address)
   at System.Net.WebClient.DownloadData(String address)
   at ehl.itgs.uploaddata.data.itgs_data.download_jpegdata(String httpfilename) in d:\users\tony\documents\visual studio 2013\Projects\ehl.itgs.uploaddata\ehl.itgs.uploaddata\itgs.data\data.cs:line 443

2015/2/7 19:52:26
web service error:Could not find endpoint element with name 'http://10.177.98.6:9080/rminf/services/RmOutAccess?wsdl' and contract 'ServiceReference.RmJaxRpcOutAccess' in the ServiceModel client configuration section. This might be because no configuration file was found for your application, or because no endpoint element matching this name could be found in the client element.

2015/2/7 19:52:31
process data item error.

2015/2/7 19:52:31
d:\ehl_exp\/2015-01-08/

2015/2/7 19:52:31
http://29.12.120.19/capture/WeiFa/20150108/(电警)河滨路滨苑十字/19/20150108194814111-1(陕KWF601)(11)(2)(PZC3DW12700044201)(00)(63)(2)(dahua).jpg

2015/2/7 19:52:31
http://29.12.120.19/capture/WeiFa/20150108/(电警)河滨路滨苑十字/19/20150108194814111-1(陕KWF601)(11)(2)(PZC3DW12700044201)(00)(63)(2)(dahua).jpg

2015/2/7 19:52:52
System.Net.WebException: Unable to connect to the remote server ---> System.Net.Sockets.SocketException: 由于连接方在一段时间后没有正确答复或连接的主机没有反应，连接尝试失败。 29.12.120.19:80
   at System.Net.Sockets.Socket.DoConnect(EndPoint endPointSnapshot, SocketAddress socketAddress)
   at System.Net.ServicePoint.ConnectSocketInternal(Boolean connectFailure, Socket s4, Socket s6, Socket& socket, IPAddress& address, ConnectSocketState state, IAsyncResult asyncResult, Exception& exception)
   --- End of inner exception stack trace ---
   at System.Net.WebClient.DownloadDataInternal(Uri address, WebRequest& request)
   at System.Net.WebClient.DownloadData(Uri address)
   at System.Net.WebClient.DownloadData(String address)
   at ehl.itgs.uploaddata.data.itgs_data.download_jpegdata(String httpfilename) in d:\users\tony\documents\visual studio 2013\Projects\ehl.itgs.uploaddata\ehl.itgs.uploaddata\itgs.data\data.cs:line 443

2015/2/7 19:52:53
web service error:Could not find endpoint element with name 'http://10.177.98.6:9080/rminf/services/RmOutAccess?wsdl' and contract 'ServiceReference.RmJaxRpcOutAccess' in the ServiceModel client configuration section. This might be because no configuration file was found for your application, or because no endpoint element matching this name could be found in the client element.

2015/2/7 19:52:58
process data item error.

2015/2/7 19:52:58
d:\ehl_exp\/2015-01-08/

2015/2/7 19:52:58
http://29.12.120.19/capture/WeiFa/20150108/(电警)河滨路滨苑十字/19/20150108194956818-1(陕KT2761)(12)(2)(PZC3DW12700044201)(00)(85)(2)(dahua).jpg

2015/2/7 19:52:58
http://29.12.120.19/capture/WeiFa/20150108/(电警)河滨路滨苑十字/19/20150108194956818-1(陕KT2761)(12)(2)(PZC3DW12700044201)(00)(85)(2)(dahua).jpg

2015/2/7 19:53:19
System.Net.WebException: Unable to connect to the remote server ---> System.Net.Sockets.SocketException: 由于连接方在一段时间后没有正确答复或连接的主机没有反应，连接尝试失败。 29.12.120.19:80
   at System.Net.Sockets.Socket.DoConnect(EndPoint endPointSnapshot, SocketAddress socketAddress)
   at System.Net.ServicePoint.ConnectSocketInternal(Boolean connectFailure, Socket s4, Socket s6, Socket& socket, IPAddress& address, ConnectSocketState state, IAsyncResult asyncResult, Exception& exception)
   --- End of inner exception stack trace ---
   at System.Net.WebClient.DownloadDataInternal(Uri address, WebRequest& request)
   at System.Net.WebClient.DownloadData(Uri address)
   at System.Net.WebClient.DownloadData(String address)
   at ehl.itgs.uploaddata.data.itgs_data.download_jpegdata(String httpfilename) in d:\users\tony\documents\visual studio 2013\Projects\ehl.itgs.uploaddata\ehl.itgs.uploaddata\itgs.data\data.cs:line 443

2015/2/7 19:53:19
web service error:Could not find endpoint element with name 'http://10.177.98.6:9080/rminf/services/RmOutAccess?wsdl' and contract 'ServiceReference.RmJaxRpcOutAccess' in the ServiceModel client configuration section. This might be because no configuration file was found for your application, or because no endpoint element matching this name could be found in the client element.

2015/2/7 19:53:24
process data item error.

2015/2/7 19:53:24
d:\ehl_exp\/2015-01-08/

2015/2/7 19:53:24
http://29.12.120.19/capture/WeiFa/20150108/(电警)河滨路滨苑十字/19/20150108195008704-1(陕KT2391)(12)(2)(PZC3DW12700044201)(00)(93)(2)(dahua).jpg

2015/2/7 19:53:24
http://29.12.120.19/capture/WeiFa/20150108/(电警)河滨路滨苑十字/19/20150108195008704-1(陕KT2391)(12)(2)(PZC3DW12700044201)(00)(93)(2)(dahua).jpg

2015/2/7 19:54:24
thread begin

2015/2/7 19:54:24
test

2015/2/7 19:54:24
Data Source=atmsfg;User ID=tgs_admin;Password=ehl1234;

2015/2/7 19:54:25
Open

2015/2/7 19:54:25
proce_data!

2015/2/7 19:54:25
 SELECT   t.XH,t.fxbh,t.sbbj,t.cdbh,decode(t.HPZL,'01',3,'02',3,'23',4,'24',5,'25',4,'13',6,'14',6,3) AS CLFL, decode(t.HPZL,'23','02','24','02','05','02','25','07','26','07',HPZL) AS HPZL,  t.HPHM, NVL(T.CLLX,decode(t.HPZL,'13','H41','K31')) AS JTFS,  NVL(T.FZJG,'陕K')AS FZJG, decode(t.SJLY,'1',1,'2',2,'3',3,'4',4,'5',5,'6',6,'8',9,'9',9)AS SJLY, TO_Char(t.WFSJ,'yyyy-mm-dd') as WFRQ, TO_CHAR(t.WFSJ,'yyyy-mm-dd hh24:mi:ss') as WFSJ, t1.fxcddbh as wfdd,t1.sbbh as sbbh, t1.ddmc  as wfdz, t.WFXW, t.CSBJ,CJJG, f_get_value ('WFXWMS','T_TMS_PECCNACY_TYPE','WFXW',t.WFXW) AS WFNR, '' as zqmj, nvl(t.jdssyr,'未知')as jdssyr,t.dh,t.lxfs,t.zsxxdz,t.zsxzqh, t1.xzqh as xzqh , t.clpp,t.cllx,t.csys,t.fdjh,t.clsbdh,t.clsd,F_GET_LIMITSPEED(t.wfdd,t.hpzl) as clxs,t.jcbj,NVL(t.SYXZ,'A') AS SYXZ,(select 'http://'||zjwjip||zjwjlj  from  tgs_admin.t_tgs_capture where xh = t.xh and zjwjsx=1) as jpgfilename1,(select 'http://'||zjwjip||zjwjlj  from  tgs_admin.t_tgs_capture where xh = t.xh and zjwjsx=2) as jpgfilename2,(select 'http://'||zjwjip||zjwjlj  from  tgs_admin.t_tgs_capture where xh = t.xh and zjwjsx=3) as jpgfilename3 FROM   t_tms_peccancy t  left join t_tgs_location t1 on t.WFDD = t1.ddbh  where t.CSBJ = '0' and t.WFSJ>= sysdate-30  and t.WFDD in ('620031002000',620031018000)  and rownum < 50

2015/2/7 19:54:25
exec sql result:True

2015/2/7 19:54:25
d:\ehl_exp\/2015-01-08/

2015/2/7 19:55:00
http://29.12.120.19/capture/WeiFa/20150108/(电警)河滨路滨苑十字/19/20150108194814111-1(陕KWF601)(11)(2)(PZC3DW12700044201)(00)(63)(2)(dahua).jpg

2015/2/7 19:55:01
http://29.12.120.19/capture/WeiFa/20150108/(电警)河滨路滨苑十字/19/20150108194814111-1(陕KWF601)(11)(2)(PZC3DW12700044201)(00)(63)(2)(dahua).jpg

2015/2/7 19:57:33
thread begin

2015/2/7 19:57:33
test

2015/2/7 19:57:33
Data Source=atmsfg;User ID=tgs_admin;Password=ehl1234;

2015/2/7 19:57:33
Open

2015/2/7 19:57:33
proce_data!

2015/2/7 19:57:33
 SELECT   t.XH,t.fxbh,t.sbbj,t.cdbh,decode(t.HPZL,'01',3,'02',3,'23',4,'24',5,'25',4,'13',6,'14',6,3) AS CLFL, decode(t.HPZL,'23','02','24','02','05','02','25','07','26','07',HPZL) AS HPZL,  t.HPHM, NVL(T.CLLX,decode(t.HPZL,'13','H41','K31')) AS JTFS,  NVL(T.FZJG,'陕K')AS FZJG, decode(t.SJLY,'1',1,'2',2,'3',3,'4',4,'5',5,'6',6,'8',9,'9',9)AS SJLY, TO_Char(t.WFSJ,'yyyy-mm-dd') as WFRQ, TO_CHAR(t.WFSJ,'yyyy-mm-dd hh24:mi:ss') as WFSJ, t1.fxcddbh as wfdd,t1.sbbh as sbbh, t1.ddmc  as wfdz, t.WFXW, t.CSBJ,CJJG, f_get_value ('WFXWMS','T_TMS_PECCNACY_TYPE','WFXW',t.WFXW) AS WFNR, '' as zqmj, nvl(t.jdssyr,'未知')as jdssyr,t.dh,t.lxfs,t.zsxxdz,t.zsxzqh, t1.xzqh as xzqh , t.clpp,t.cllx,t.csys,t.fdjh,t.clsbdh,t.clsd,F_GET_LIMITSPEED(t.wfdd,t.hpzl) as clxs,t.jcbj,NVL(t.SYXZ,'A') AS SYXZ,(select 'http://'||zjwjip||zjwjlj  from  tgs_admin.t_tgs_capture where xh = t.xh and zjwjsx=1) as jpgfilename1,(select 'http://'||zjwjip||zjwjlj  from  tgs_admin.t_tgs_capture where xh = t.xh and zjwjsx=2) as jpgfilename2,(select 'http://'||zjwjip||zjwjlj  from  tgs_admin.t_tgs_capture where xh = t.xh and zjwjsx=3) as jpgfilename3 FROM   t_tms_peccancy t  left join t_tgs_location t1 on t.WFDD = t1.ddbh  where t.CSBJ = '0' and t.WFSJ>= sysdate-30  and t.WFDD in ('620031002000',620031018000)  and rownum < 50

2015/2/7 19:57:33
exec sql result:True

2015/2/7 19:57:33
d:\ehl_exp\/2015-01-08/

2015/2/7 19:57:40
http://29.12.120.19/capture/WeiFa/20150108/(电警)河滨路滨苑十字/19/20150108194956818-1(陕KT2761)(12)(2)(PZC3DW12700044201)(00)(85)(2)(dahua).jpg

2015/2/7 19:57:40
http://29.12.120.19/capture/WeiFa/20150108/(电警)河滨路滨苑十字/19/20150108194956818-1(陕KT2761)(12)(2)(PZC3DW12700044201)(00)(85)(2)(dahua).jpg
